(THU.CST) os is loading ...

Special kernel symbols:
  entry  0xc010002a (phys)
  etext  0xc010be8b (phys)
  edata  0xc019bf2a (phys)
  end    0xc019f0b8 (phys)
Kernel executable memory footprint: 637KB
ebp:0xc0129f38 eip:0xc0100adf args:0x00010094 0x00000000 0xc0129f68 0xc01000d3 
    kern/debug/kdebug.c:351: print_stackframe+21
ebp:0xc0129f48 eip:0xc0100dce args:0x00000000 0x00000000 0x00000000 0xc0129fb8 
    kern/debug/kmonitor.c:129: mon_backtrace+10
ebp:0xc0129f68 eip:0xc01000d3 args:0x00000000 0xc0129f90 0xffff0000 0xc0129f94 
    kern/init/init.c:58: grade_backtrace2+33
ebp:0xc0129f88 eip:0xc01000fc args:0x00000000 0xffff0000 0xc0129fb4 0x0000002a 
    kern/init/init.c:63: grade_backtrace1+38
ebp:0xc0129fa8 eip:0xc010011a args:0x00000000 0xc010002a 0xffff0000 0x0000001d 
    kern/init/init.c:68: grade_backtrace0+23
ebp:0xc0129fc8 eip:0xc010013f args:0xc010bebc 0xc010bea0 0x0000318e 0x00000000 
    kern/init/init.c:73: grade_backtrace+34
ebp:0xc0129ff8 eip:0xc010007f args:0x00000000 0x00000000 0x0000ffff 0x40cf9a00 
    kern/init/init.c:33: kern_init+84
memory management: default_pmm_manager
e820map:
  memory: 0009fc00, [00000000, 0009fbff], type = 1.
  memory: 00000400, [0009fc00, 0009ffff], type = 2.
  memory: 00010000, [000f0000, 000fffff], type = 2.
  memory: 07efe000, [00100000, 07ffdfff], type = 1.
  memory: 00002000, [07ffe000, 07ffffff], type = 2.
  memory: 00040000, [fffc0000, ffffffff], type = 2.
check_alloc_page() succeeded!
check_pgdir() succeeded!
check_boot_pgdir() succeeded!
-------------------- BEGIN --------------------
PDE(0e0) c0000000-f8000000 38000000 urw
  |-- PTE(38000) c0000000-f8000000 38000000 -rw
PDE(001) fac00000-fb000000 00400000 -rw
  |-- PTE(000e0) faf00000-fafe0000 000e0000 urw
  |-- PTE(00001) fafeb000-fafec000 00001000 -rw
--------------------- END ---------------------
use SLOB allocator
kmalloc_init() succeeded!
check_vma_struct() succeeded!
page fault at 0x00000100: K/W [no page found].
check_pgfault() succeeded!
check_vmm() succeeded.
ide 0:      10000(sectors), 'QEMU HARDDISK'.
ide 1:     262144(sectors), 'QEMU HARDDISK'.
SWAP: manager = fifo swap manager
BEGIN check_swap: count 31866, total 31866
setup Page Table for vaddr 0X1000, so alloc a page
setup Page Table vaddr 0~4MB OVER!
set up init env for check_swap begin!
page fault at 0x00001000: K/W [no page found].
page fault at 0x00002000: K/W [no page found].
page fault at 0x00003000: K/W [no page found].
page fault at 0x00004000: K/W [no page found].
set up init env for check_swap over!
write Virt Page c in fifo_check_swap
write Virt Page a in fifo_check_swap
write Virt Page d in fifo_check_swap
write Virt Page b in fifo_check_swap
write Virt Page e in fifo_check_swap
page fault at 0x00005000: K/W [no page found].
swap_out: i 0, store page in vaddr 0x1000 to disk swap entry 2
write Virt Page b in fifo_check_swap
write Virt Page a in fifo_check_swap
page fault at 0x00001000: K/W [no page found].
swap_out: i 0, store page in vaddr 0x2000 to disk swap entry 3
swap_in: load disk swap entry 2 with swap_page in vadr 0x1000
write Virt Page b in fifo_check_swap
page fault at 0x00002000: K/W [no page found].
swap_out: i 0, store page in vaddr 0x3000 to disk swap entry 4
swap_in: load disk swap entry 3 with swap_page in vadr 0x2000
write Virt Page c in fifo_check_swap
page fault at 0x00003000: K/W [no page found].
swap_out: i 0, store page in vaddr 0x4000 to disk swap entry 5
swap_in: load disk swap entry 4 with swap_page in vadr 0x3000
write Virt Page d in fifo_check_swap
page fault at 0x00004000: K/W [no page found].
swap_out: i 0, store page in vaddr 0x5000 to disk swap entry 6
swap_in: load disk swap entry 5 with swap_page in vadr 0x4000
write Virt Page e in fifo_check_swap
page fault at 0x00005000: K/W [no page found].
swap_out: i 0, store page in vaddr 0x1000 to disk swap entry 2
swap_in: load disk swap entry 6 with swap_page in vadr 0x5000
write Virt Page a in fifo_check_swap
page fault at 0x00001000: K/R [no page found].
swap_out: i 0, store page in vaddr 0x2000 to disk swap entry 3
swap_in: load disk swap entry 2 with swap_page in vadr 0x1000
count is 5, total is 5
check_swap() succeeded!
++ setup timer interrupts
kernel_execve: pid = 2, name = "hello".
Hello world!!.
I am process 2.
hello pass.
all user-mode processes have quit.
init check memory pass.
kernel panic at kern/process/proc.c:472:
    initproc exit.

Welcome to the kernel debug monitor!!
Type 'help' for a list of commands.
K> 