(THU.CST) os is loading ...

Special kernel symbols:
  entry  0xc010002a (phys)
  etext  0xc010c3a7 (phys)
  edata  0xc01addd4 (phys)
  end    0xc01b0f78 (phys)
Kernel executable memory footprint: 708KB
ebp:0xc012bf38 eip:0xc0100ae4 args:0x00010094 0x00000000 0xc012bf68 0xc01000d8 
    kern/debug/kdebug.c:351: print_stackframe+21
ebp:0xc012bf48 eip:0xc0100dd3 args:0x00000000 0x00000000 0x00000000 0xc012bfb8 
    kern/debug/kmonitor.c:129: mon_backtrace+10
ebp:0xc012bf68 eip:0xc01000d8 args:0x00000000 0xc012bf90 0xffff0000 0xc012bf94 
    kern/init/init.c:59: grade_backtrace2+33
ebp:0xc012bf88 eip:0xc0100101 args:0x00000000 0xffff0000 0xc012bfb4 0x0000002a 
    kern/init/init.c:64: grade_backtrace1+38
ebp:0xc012bfa8 eip:0xc010011f args:0x00000000 0xc010002a 0xffff0000 0x0000001d 
    kern/init/init.c:69: grade_backtrace0+23
ebp:0xc012bfc8 eip:0xc0100144 args:0xc010c3dc 0xc010c3c0 0x000031a4 0x00000000 
    kern/init/init.c:74: grade_backtrace+34
ebp:0xc012bff8 eip:0xc010007f args:0x00000000 0x00000000 0x0000ffff 0x40cf9a00 
    kern/init/init.c:33: kern_init+84
memory management: default_pmm_manager
e820map:
  memory: 0009fc00, [00000000, 0009fbff], type = 1.
  memory: 00000400, [0009fc00, 0009ffff], type = 2.
  memory: 00010000, [000f0000, 000fffff], type = 2.
  memory: 07efe000, [00100000, 07ffdfff], type = 1.
  memory: 00002000, [07ffe000, 07ffffff], type = 2.
  memory: 00040000, [fffc0000, ffffffff], type = 2.
check_alloc_page() succeeded!
check_pgdir() succeeded!
check_boot_pgdir() succeeded!
-------------------- BEGIN --------------------
PDE(0e0) c0000000-f8000000 38000000 urw
  |-- PTE(38000) c0000000-f8000000 38000000 -rw
PDE(001) fac00000-fb000000 00400000 -rw
  |-- PTE(000e0) faf00000-fafe0000 000e0000 urw
  |-- PTE(00001) fafeb000-fafec000 00001000 -rw
--------------------- END ---------------------
use SLOB allocator
check_slab() success
kmalloc_init() succeeded!
check_vma_struct() succeeded!
page fault at 0x00000100: K/W [no page found].
check_pgfault() succeeded!
check_vmm() succeeded.
sched class: stride_scheduler
ide 0:      10000(sectors), 'QEMU HARDDISK'.
ide 1:     262144(sectors), 'QEMU HARDDISK'.
SWAP: manager = fifo swap manager
BEGIN check_swap: count 31849, total 31849
setup Page Table for vaddr 0X1000, so alloc a page
setup Page Table vaddr 0~4MB OVER!
set up init env for check_swap begin!
page fault at 0x00001000: K/W [no page found].
page fault at 0x00002000: K/W [no page found].
page fault at 0x00003000: K/W [no page found].
page fault at 0x00004000: K/W [no page found].
set up init env for check_swap over!
write Virt Page c in fifo_check_swap
write Virt Page a in fifo_check_swap
write Virt Page d in fifo_check_swap
write Virt Page b in fifo_check_swap
write Virt Page e in fifo_check_swap
page fault at 0x00005000: K/W [no page found].
swap_out: i 0, store page in vaddr 0x1000 to disk swap entry 2
write Virt Page b in fifo_check_swap
write Virt Page a in fifo_check_swap
page fault at 0x00001000: K/W [no page found].
swap_out: i 0, store page in vaddr 0x2000 to disk swap entry 3
swap_in: load disk swap entry 2 with swap_page in vadr 0x1000
write Virt Page b in fifo_check_swap
page fault at 0x00002000: K/W [no page found].
swap_out: i 0, store page in vaddr 0x3000 to disk swap entry 4
swap_in: load disk swap entry 3 with swap_page in vadr 0x2000
write Virt Page c in fifo_check_swap
page fault at 0x00003000: K/W [no page found].
swap_out: i 0, store page in vaddr 0x4000 to disk swap entry 5
swap_in: load disk swap entry 4 with swap_page in vadr 0x3000
write Virt Page d in fifo_check_swap
page fault at 0x00004000: K/W [no page found].
swap_out: i 0, store page in vaddr 0x5000 to disk swap entry 6
swap_in: load disk swap entry 5 with swap_page in vadr 0x4000
write Virt Page e in fifo_check_swap
page fault at 0x00005000: K/W [no page found].
swap_out: i 0, store page in vaddr 0x1000 to disk swap entry 2
swap_in: load disk swap entry 6 with swap_page in vadr 0x5000
write Virt Page a in fifo_check_swap
page fault at 0x00001000: K/R [no page found].
swap_out: i 0, store page in vaddr 0x2000 to disk swap entry 3
swap_in: load disk swap entry 2 with swap_page in vadr 0x1000
count is 5, total is 5
check_swap() succeeded!
++ setup timer interrupts
kernel_execve: pid = 2, name = "pgdir".
I am 2, print pgdir.
-------------------- BEGIN --------------------
PDE(001) 00000000-00400000 00400000 urw
  |-- PTE(00004) 00200000-00204000 00004000 urw
PDE(001) 00800000-00c00000 00400000 urw
  |-- PTE(00002) 00800000-00802000 00002000 ur-
  |-- PTE(00001) 00802000-00803000 00001000 urw
PDE(001) afc00000-b0000000 00400000 urw
  |-- PTE(00004) afffc000-b0000000 00004000 urw
PDE(0e0) c0000000-f8000000 38000000 urw
  |-- PTE(38000) c0000000-f8000000 38000000 -rw
PDE(001) fac00000-fb000000 00400000 -rw
  |-- PTE(00001) fac00000-fac01000 00001000 urw
  |-- PTE(00001) fac02000-fac03000 00001000 urw
  |-- PTE(00001) faebf000-faec0000 00001000 urw
  |-- PTE(000e0) faf00000-fafe0000 000e0000 urw
  |-- PTE(00001) fafeb000-fafec000 00001000 -rw
--------------------- END ---------------------
pgdir pass.
all user-mode processes have quit.
init check memory pass.
kernel panic at kern/process/proc.c:486:
    initproc exit.

Welcome to the kernel debug monitor!!
Type 'help' for a list of commands.
K> 